<?xml version="1.0" encoding="UTF-8"?>
<!-- Generated by org.testng.reporters.JUnitReportReporter -->
<testsuite hostname="RLP2141" failures="0" tests="1" name="com.rts.seleniumExample.AppTest" time="3.606" errors="0" timestamp="2024-04-27T17:25:13 IST" skipped="0">
  <testcase classname="com.rts.seleniumExample.AppTest" name="openBrowser" time="3.606"/>
  <system-out/>
</testsuite> <!-- com.rts.seleniumExample.AppTest -->
