<?xml version="1.0" encoding="UTF-8"?>
<testsuite xmlns:xsi="http://www.w3.org/2001/XMLSchema-instance" xsi:noNamespaceSchemaLocation="https://maven.apache.org/surefire/maven-surefire-plugin/xsd/surefire-test-report-3.0.xsd" version="3.0" name="com.Spring.Day1.Example1ForSpring.AppTest" time="0.023" tests="1" errors="0" skipped="0" failures="0">
  <properties>
    <property name="java.specification.version" value="17"/>
    <property name="sun.cpu.isalist" value="amd64"/>
    <property name="sonar.login" value="sqp_d86ed9b59de64f335ce153a0acbb9286faa46251"/>
    <property name="sonar.host.url" value="http://localhost:9000"/>
    <property name="sun.jnu.encoding" value="Cp1252"/>
    <property name="java.class.path" value="D:\SpringTool Workspace\Example1ForSpring\target\test-classes;D:\SpringTool Workspace\Example1ForSpring\target\classes;C:\Users\sowmiya.ramu\.m2\repository\junit\junit\3.8.1\junit-3.8.1.jar;C:\Users\sowmiya.ramu\.m2\repository\org\springframework\spring-core\5.2.16.RELEASE\spring-core-5.2.16.RELEASE.jar;C:\Users\sowmiya.ramu\.m2\repository\org\springframework\spring-jcl\5.2.16.RELEASE\spring-jcl-5.2.16.RELEASE.jar;C:\Users\sowmiya.ramu\.m2\repository\org\springframework\spring-context\5.2.16.RELEASE\spring-context-5.2.16.RELEASE.jar;C:\Users\sowmiya.ramu\.m2\repository\org\springframework\spring-aop\5.2.16.RELEASE\spring-aop-5.2.16.RELEASE.jar;C:\Users\sowmiya.ramu\.m2\repository\org\springframework\spring-beans\5.2.16.RELEASE\spring-beans-5.2.16.RELEASE.jar;C:\Users\sowmiya.ramu\.m2\repository\org\springframework\spring-expression\5.2.16.RELEASE\spring-expression-5.2.16.RELEASE.jar;"/>
    <property name="java.vm.vendor" value="Oracle Corporation"/>
    <property name="sun.arch.data.model" value="64"/>
    <property name="user.variant" value=""/>
    <property name="java.vendor.url" value="https://java.oracle.com/"/>
    <property name="user.timezone" value="Asia/Calcutta"/>
    <property name="os.name" value="Windows 10"/>
    <property name="java.vm.specification.version" value="17"/>
    <property name="sun.java.launcher" value="SUN_STANDARD"/>
    <property name="user.country" value="IN"/>
    <property name="sun.boot.library.path" value="C:\Program Files\Java\jdk-17\bin"/>
    <property name="sun.java.command" value="C:\Users\sowmiya.ramu\AppData\Local\Temp\surefire12445540442762828800\surefirebooter-20240327114007831_3.jar C:\Users\sowmiya.ramu\AppData\Local\Temp\surefire12445540442762828800 2024-03-27T11-40-05_660-jvmRun1 surefire-20240327114007831_1tmp surefire_0-20240327114007831_2tmp"/>
    <property name="jdk.debug" value="release"/>
    <property name="surefire.test.class.path" value="D:\SpringTool Workspace\Example1ForSpring\target\test-classes;D:\SpringTool Workspace\Example1ForSpring\target\classes;C:\Users\sowmiya.ramu\.m2\repository\junit\junit\3.8.1\junit-3.8.1.jar;C:\Users\sowmiya.ramu\.m2\repository\org\springframework\spring-core\5.2.16.RELEASE\spring-core-5.2.16.RELEASE.jar;C:\Users\sowmiya.ramu\.m2\repository\org\springframework\spring-jcl\5.2.16.RELEASE\spring-jcl-5.2.16.RELEASE.jar;C:\Users\sowmiya.ramu\.m2\repository\org\springframework\spring-context\5.2.16.RELEASE\spring-context-5.2.16.RELEASE.jar;C:\Users\sowmiya.ramu\.m2\repository\org\springframework\spring-aop\5.2.16.RELEASE\spring-aop-5.2.16.RELEASE.jar;C:\Users\sowmiya.ramu\.m2\repository\org\springframework\spring-beans\5.2.16.RELEASE\spring-beans-5.2.16.RELEASE.jar;C:\Users\sowmiya.ramu\.m2\repository\org\springframework\spring-expression\5.2.16.RELEASE\spring-expression-5.2.16.RELEASE.jar;"/>
    <property name="sun.cpu.endian" value="little"/>
    <property name="user.home" value="C:\Users\sowmiya.ramu"/>
    <property name="user.language" value="en"/>
    <property name="java.specification.vendor" value="Oracle Corporation"/>
    <property name="java.version.date" value="2024-01-16"/>
    <property name="java.home" value="C:\Program Files\Java\jdk-17"/>
    <property name="file.separator" value="\"/>
    <property name="basedir" value="D:\SpringTool Workspace\Example1ForSpring"/>
    <property name="java.vm.compressedOopsMode" value="Zero based"/>
    <property name="line.separator" value="&#10;"/>
    <property name="java.vm.specification.vendor" value="Oracle Corporation"/>
    <property name="java.specification.name" value="Java Platform API Specification"/>
    <property name="surefire.real.class.path" value="C:\Users\sowmiya.ramu\AppData\Local\Temp\surefire12445540442762828800\surefirebooter-20240327114007831_3.jar"/>
    <property name="user.script" value=""/>
    <property name="sun.management.compiler" value="HotSpot 64-Bit Tiered Compilers"/>
    <property name="java.runtime.version" value="17.0.10+11-LTS-240"/>
    <property name="user.name" value="sowmiya.ramu"/>
    <property name="path.separator" value=";"/>
    <property name="os.version" value="10.0"/>
    <property name="java.runtime.name" value="Java(TM) SE Runtime Environment"/>
    <property name="file.encoding" value="Cp1252"/>
    <property name="java.vm.name" value="Java HotSpot(TM) 64-Bit Server VM"/>
    <property name="localRepository" value="C:\Users\sowmiya.ramu\.m2\repository"/>
    <property name="java.vendor.url.bug" value="https://bugreport.java.com/bugreport/"/>
    <property name="java.io.tmpdir" value="C:\Users\SOWMIY~1.RAM\AppData\Local\Temp\"/>
    <property name="java.version" value="17.0.10"/>
    <property name="user.dir" value="D:\SpringTool Workspace\Example1ForSpring"/>
    <property name="os.arch" value="amd64"/>
    <property name="java.vm.specification.name" value="Java Virtual Machine Specification"/>
    <property name="sun.os.patch.level" value=""/>
    <property name="native.encoding" value="Cp1252"/>
    <property name="sonar.projectKey" value="Testing"/>
    <property name="java.library.path" value="C:\Program Files\Java\jdk-17\bin;C:\Windows\Sun\Java\bin;C:\Windows\system32;C:\Windows;C:\Program Files\Common Files\Oracle\Java\javapath;C:\Program Files (x86)\Common Files\Oracle\Java\javapath;C:\Windows\system32;C:\Windows;C:\Windows\System32\Wbem;C:\Windows\System32\WindowsPowerShell\v1.0\;C:\Windows\System32\OpenSSH\;C:\Program Files\nodejs\;C:\Program Files\Microsoft VS Code\bin;C:\Program Files\Docker\Docker\resources\bin;C:\Users\sowmiya.ramu\AppData\Local\Microsoft\WindowsApps;C:\Users\sowmiya.ramu\AppData\Local\Programs\Git\cmd;C:\Users\sowmiya.ramu\Downloads\apache-maven-3.9.6-src;D:\Tools\apache-maven-3.9.6\bin;;."/>
    <property name="java.vm.info" value="mixed mode, sharing"/>
    <property name="java.vendor" value="Oracle Corporation"/>
    <property name="java.vm.version" value="17.0.10+11-LTS-240"/>
    <property name="sun.io.unicode.encoding" value="UnicodeLittle"/>
    <property name="java.class.version" value="61.0"/>
  </properties>
  <testcase name="testApp" classname="com.Spring.Day1.Example1ForSpring.AppTest" time="0.002"/>
</testsuite>