<?xml version="1.0" encoding="UTF-8"?>
<!-- Generated by org.testng.reporters.JUnitReportReporter -->
<testsuite hostname="RLP2141" failures="0" tests="2" name="com.practice.AppTest" time="13.590" errors="0" timestamp="2024-04-24T15:49:21 IST" skipped="0">
  <testcase classname="com.practice.AppTest" name="test2" time="10.067"/>
  <system-out/>
  <testcase classname="com.practice.AppTest" name="searchRelevantz" time="3.523"/>
  <system-out/>
</testsuite> <!-- com.practice.AppTest -->
