<?xml version="1.0" encoding="UTF-8"?>
<!-- Generated by org.testng.reporters.JUnitReportReporter -->
<testsuite hostname="RLP1556" failures="0" tests="1" name="com.mavenworks.ArcheTypeDemo.AppTest" time="0.006" errors="0" timestamp="2024-04-24T13:01:23 IST" skipped="0">
  <testcase classname="com.mavenworks.ArcheTypeDemo.AppTest" name="testApp" time="0.006"/>
  <system-out/>
</testsuite> <!-- com.mavenworks.ArcheTypeDemo.AppTest -->
