<?xml version="1.0" encoding="UTF-8"?>
<!-- Generated by org.testng.reporters.JUnitReportReporter -->
<testsuite hostname="RLP2141" failures="0" tests="1" name="com.rts.mobile_repair_shop.AppTest" time="17.926" errors="0" timestamp="2024-04-30T22:40:55 IST" skipped="0">
  <testcase classname="com.rts.mobile_repair_shop.AppTest" name="saveAppointment" time="17.926"/>
  <system-out/>
</testsuite> <!-- com.rts.mobile_repair_shop.AppTest -->
